<?xml version="1.0" encoding="UTF-8"?>
<!-- Generated by org.testng.reporters.JUnitXMLReporter -->
<testsuite ignored="0" hostname="Rubaiyats-MacBook-Air.local" failures="0" tests="23" name="Default test" time="416.372" errors="0" timestamp="2023-10-16T21:43:40 BDT">
  <testcase classname="TodoistApp.Todoist" name="FacebookLogin" time="28.301"/>
  <testcase classname="TodoistApp.Todoist" name="GoogleLogin" time="29.766"/>
  <testcase classname="TodoistApp.Todoist" name="invalidCredential" time="44.557"/>
  <testcase classname="TodoistApp.Todoist" name="signup" time="41.471"/>
  <testcase classname="TodoistApp.Todoist" name="login" time="32.238"/>
  <testcase classname="TodoistApp.Todoist" name="createTask" time="7.438"/>
  <testcase classname="TodoistApp.Todoist" name="editDate" time="43.522"/>
  <testcase classname="TodoistApp.Todoist" name="completeTask" time="37.358"/>
  <testcase classname="TodoistApp.Todoist" name="deleteTask" time="38.622"/>
  <testcase classname="TodoistApp.Todoist" name="createProject" time="11.238"/>
  <testcase classname="TodoistApp.Todoist" name="checkInbox" time="10.673"/>
  <testcase classname="TodoistApp.Todoist" name="filteredTask" time="9.831"/>
  <testcase classname="TodoistApp.Todoist" name="modifyName" time="10.685"/>
  <testcase classname="TodoistApp.Todoist" name="chnageView" time="5.533"/>
  <testcase classname="TodoistApp.Todoist" name="syncView" time="2.794"/>
  <testcase classname="TodoistApp.Todoist" name="changeLang" time="2.435"/>
  <testcase classname="TodoistApp.Todoist" name="timeDate" time="10.843"/>
  <testcase classname="TodoistApp.Todoist" name="swipeAction" time="5.318"/>
  <testcase classname="TodoistApp.Todoist" name="changeTheme" time="4.984"/>
  <testcase classname="TodoistApp.Todoist" name="changeIcon" time="6.131"/>
  <testcase classname="TodoistApp.Todoist" name="changeAppBar" time="5.273"/>
  <testcase classname="TodoistApp.Todoist" name="navMenu" time="6.47"/>
  <testcase classname="TodoistApp.Todoist" name="quickAdd" time="11.857"/>
</testsuite> <!-- Default test -->
