{"uuid":"2f40e949-c3e0-43b2-affd-7b06b2ea19ba","historyId":"b431339615b6fc52ce5a75ff85fa4b17","fullName":"TodoistApp.Todoist.openTodoist","labels":[{"name":"package","value":"TodoistApp.Todoist"},{"name":"testClass","value":"TodoistApp.Todoist"},{"name":"testMethod","value":"openTodoist"},{"name":"parentSuite","value":"Default suite"},{"name":"suite","value":"Default test"},{"name":"subSuite","value":"TodoistApp.Todoist"},{"name":"host","value":"Rubaiyats-MacBook-Air.local"},{"name":"thread","value":"5947@Rubaiyats-MacBook-Air.local.main(1)"},{"name":"framework","value":"testng"},{"name":"language","value":"java"},{"name":"AS_ID","value":"-1"}],"links":[],"name":"openTodoist","status":"broken","statusDetails":{"known":false,"muted":false,"flaky":false,"message":"Unable to create a new remote session. Please check the server log for more details. Original error: All non-standard capabilities should have a vendor prefix. The following capabilities did not have one: waitForPageLoad\nBuild info: version: '3.141.59', revision: 'e82be7d358', time: '2018-11-14T08:17:03'\nSystem info: host: 'Rubaiyats-MacBook-Air.local', ip: 'fe80:0:0:0:1c08:4228:b3ef:49eb%en0', os.name: 'Mac OS X', os.arch: 'aarch64', os.version: '14.0', java.version: '21'\nDriver info: driver.version: AndroidDriver\nremote stacktrace: InvalidArgumentError: All non-standard capabilities should have a vendor prefix. The following capabilities did not have one: waitForPageLoad\n    at parseCaps (/opt/homebrew/lib/node_modules/appium/node_modules/@appium/base-driver/lib/basedriver/capabilities.js:252:11)\n    at processCapabilities (/opt/homebrew/lib/node_modules/appium/node_modules/@appium/base-driver/lib/basedriver/capabilities.js:332:43)\n    at parseCapsForInnerDriver (/opt/homebrew/lib/node_modules/appium/lib/utils.js:151:40)\n    at AppiumDriver.createSession (/opt/homebrew/lib/node_modules/appium/lib/appium.js:279:49)\n    at commandExecutor (/opt/homebrew/lib/node_modules/appium/node_modules/@appium/base-driver/lib/basedriver/driver.ts:107:18)\n    at AppiumDriver.executeCommand (/opt/homebrew/lib/node_modules/appium/node_modules/@appium/base-driver/lib/basedriver/driver.ts:124:15)\n    at processTicksAndRejections (node:internal/process/task_queues:95:5)\n    at defaultBehavior (/opt/homebrew/lib/node_modules/appium/lib/appium.js:718:16)\n    at AppiumDriver.executeWrappedCommand (/opt/homebrew/lib/node_modules/appium/lib/appium.js:828:16)\n    at AppiumDriver.executeCommand (/opt/homebrew/lib/node_modules/appium/lib/appium.js:734:17)\n    at asyncHandler (/opt/homebrew/lib/node_modules/appium/node_modules/@appium/base-driver/lib/protocol/protocol.js:393:19)\nBuild info: version: '3.141.59', revision: 'e82be7d358', time: '2018-11-14T08:17:03'\nSystem info: host: 'Rubaiyats-MacBook-Air.local', ip: 'fe80:0:0:0:1c08:4228:b3ef:49eb%en0', os.name: 'Mac OS X', os.arch: 'aarch64', os.version: '14.0', java.version: '21'\nDriver info: driver.version: AndroidDriver","trace":"org.openqa.selenium.SessionNotCreatedException: Unable to create a new remote session. Please check the server log for more details. Original error: All non-standard capabilities should have a vendor prefix. The following capabilities did not have one: waitForPageLoad\nBuild info: version: '3.141.59', revision: 'e82be7d358', time: '2018-11-14T08:17:03'\nSystem info: host: 'Rubaiyats-MacBook-Air.local', ip: 'fe80:0:0:0:1c08:4228:b3ef:49eb%en0', os.name: 'Mac OS X', os.arch: 'aarch64', os.version: '14.0', java.version: '21'\nDriver info: driver.version: AndroidDriver\nremote stacktrace: InvalidArgumentError: All non-standard capabilities should have a vendor prefix. The following capabilities did not have one: waitForPageLoad\n    at parseCaps (/opt/homebrew/lib/node_modules/appium/node_modules/@appium/base-driver/lib/basedriver/capabilities.js:252:11)\n    at processCapabilities (/opt/homebrew/lib/node_modules/appium/node_modules/@appium/base-driver/lib/basedriver/capabilities.js:332:43)\n    at parseCapsForInnerDriver (/opt/homebrew/lib/node_modules/appium/lib/utils.js:151:40)\n    at AppiumDriver.createSession (/opt/homebrew/lib/node_modules/appium/lib/appium.js:279:49)\n    at commandExecutor (/opt/homebrew/lib/node_modules/appium/node_modules/@appium/base-driver/lib/basedriver/driver.ts:107:18)\n    at AppiumDriver.executeCommand (/opt/homebrew/lib/node_modules/appium/node_modules/@appium/base-driver/lib/basedriver/driver.ts:124:15)\n    at processTicksAndRejections (node:internal/process/task_queues:95:5)\n    at defaultBehavior (/opt/homebrew/lib/node_modules/appium/lib/appium.js:718:16)\n    at AppiumDriver.executeWrappedCommand (/opt/homebrew/lib/node_modules/appium/lib/appium.js:828:16)\n    at AppiumDriver.executeCommand (/opt/homebrew/lib/node_modules/appium/lib/appium.js:734:17)\n    at asyncHandler (/opt/homebrew/lib/node_modules/appium/node_modules/@appium/base-driver/lib/protocol/protocol.js:393:19)\nBuild info: version: '3.141.59', revision: 'e82be7d358', time: '2018-11-14T08:17:03'\nSystem info: host: 'Rubaiyats-MacBook-Air.local', ip: 'fe80:0:0:0:1c08:4228:b3ef:49eb%en0', os.name: 'Mac OS X', os.arch: 'aarch64', os.version: '14.0', java.version: '21'\nDriver info: driver.version: AndroidDriver\n\tat io.appium.java_client.remote.AppiumCommandExecutor$1.createSession(AppiumCommandExecutor.java:216)\n\tat io.appium.java_client.remote.AppiumCommandExecutor.createSession(AppiumCommandExecutor.java:225)\n\tat io.appium.java_client.remote.AppiumCommandExecutor.execute(AppiumCommandExecutor.java:250)\n\tat org.openqa.selenium.remote.RemoteWebDriver.execute(RemoteWebDriver.java:552)\n\tat io.appium.java_client.DefaultGenericMobileDriver.execute(DefaultGenericMobileDriver.java:41)\n\tat io.appium.java_client.AppiumDriver.execute(AppiumDriver.java:1)\n\tat io.appium.java_client.android.AndroidDriver.execute(AndroidDriver.java:1)\n\tat org.openqa.selenium.remote.RemoteWebDriver.startSession(RemoteWebDriver.java:213)\n\tat io.appium.java_client.AppiumDriver.startSession(AppiumDriver.java:363)\n\tat org.openqa.selenium.remote.RemoteWebDriver.<init>(RemoteWebDriver.java:131)\n\tat io.appium.java_client.DefaultGenericMobileDriver.<init>(DefaultGenericMobileDriver.java:37)\n\tat io.appium.java_client.AppiumDriver.<init>(AppiumDriver.java:89)\n\tat io.appium.java_client.AppiumDriver.<init>(AppiumDriver.java:99)\n\tat io.appium.java_client.android.AndroidDriver.<init>(AndroidDriver.java:97)\n\tat TodoistApp.Todoist.openTodoist(Todoist.java:35)\n\tat java.base/jdk.internal.reflect.DirectMethodHandleAccessor.invoke(DirectMethodHandleAccessor.java:103)\n\tat java.base/java.lang.reflect.Method.invoke(Method.java:580)\n\tat org.testng.internal.invokers.MethodInvocationHelper.invokeMethod(MethodInvocationHelper.java:139)\n\tat org.testng.internal.invokers.MethodInvocationHelper.invokeMethodConsideringTimeout(MethodInvocationHelper.java:69)\n\tat org.testng.internal.invokers.ConfigInvoker.invokeConfigurationMethod(ConfigInvoker.java:361)\n\tat org.testng.internal.invokers.ConfigInvoker.invokeConfigurations(ConfigInvoker.java:296)\n\tat org.testng.TestRunner.invokeTestConfigurations(TestRunner.java:644)\n\tat org.testng.TestRunner.beforeRun(TestRunner.java:633)\n\tat org.testng.TestRunner.run(TestRunner.java:595)\n\tat org.testng.SuiteRunner.runTest(SuiteRunner.java:437)\n\tat org.testng.SuiteRunner.runSequentially(SuiteRunner.java:431)\n\tat org.testng.SuiteRunner.privateRun(SuiteRunner.java:391)\n\tat org.testng.SuiteRunner.run(SuiteRunner.java:330)\n\tat org.testng.SuiteRunnerWorker.runSuite(SuiteRunnerWorker.java:52)\n\tat org.testng.SuiteRunnerWorker.run(SuiteRunnerWorker.java:95)\n\tat org.testng.TestNG.runSuitesSequentially(TestNG.java:1256)\n\tat org.testng.TestNG.runSuitesLocally(TestNG.java:1176)\n\tat org.testng.TestNG.runSuites(TestNG.java:1099)\n\tat org.testng.TestNG.run(TestNG.java:1067)\n\tat org.testng.remote.AbstractRemoteTestNG.run(AbstractRemoteTestNG.java:115)\n\tat org.testng.remote.RemoteTestNG.initAndRun(RemoteTestNG.java:251)\n\tat org.testng.remote.RemoteTestNG.main(RemoteTestNG.java:77)\nCaused by: java.lang.reflect.InvocationTargetException\n\tat java.base/jdk.internal.reflect.DirectMethodHandleAccessor.invoke(DirectMethodHandleAccessor.java:118)\n\tat java.base/java.lang.reflect.Method.invoke(Method.java:580)\n\tat io.appium.java_client.remote.AppiumCommandExecutor$1.createSession(AppiumCommandExecutor.java:193)\n\t... 36 more\nCaused by: org.openqa.selenium.InvalidArgumentException: All non-standard capabilities should have a vendor prefix. The following capabilities did not have one: waitForPageLoad\nBuild info: version: '3.141.59', revision: 'e82be7d358', time: '2018-11-14T08:17:03'\nSystem info: host: 'Rubaiyats-MacBook-Air.local', ip: 'fe80:0:0:0:1c08:4228:b3ef:49eb%en0', os.name: 'Mac OS X', os.arch: 'aarch64', os.version: '14.0', java.version: '21'\nDriver info: driver.version: AndroidDriver\nremote stacktrace: InvalidArgumentError: All non-standard capabilities should have a vendor prefix. The following capabilities did not have one: waitForPageLoad\n    at parseCaps (/opt/homebrew/lib/node_modules/appium/node_modules/@appium/base-driver/lib/basedriver/capabilities.js:252:11)\n    at processCapabilities (/opt/homebrew/lib/node_modules/appium/node_modules/@appium/base-driver/lib/basedriver/capabilities.js:332:43)\n    at parseCapsForInnerDriver (/opt/homebrew/lib/node_modules/appium/lib/utils.js:151:40)\n    at AppiumDriver.createSession (/opt/homebrew/lib/node_modules/appium/lib/appium.js:279:49)\n    at commandExecutor (/opt/homebrew/lib/node_modules/appium/node_modules/@appium/base-driver/lib/basedriver/driver.ts:107:18)\n    at AppiumDriver.executeCommand (/opt/homebrew/lib/node_modules/appium/node_modules/@appium/base-driver/lib/basedriver/driver.ts:124:15)\n    at processTicksAndRejections (node:internal/process/task_queues:95:5)\n    at defaultBehavior (/opt/homebrew/lib/node_modules/appium/lib/appium.js:718:16)\n    at AppiumDriver.executeWrappedCommand (/opt/homebrew/lib/node_modules/appium/lib/appium.js:828:16)\n    at AppiumDriver.executeCommand (/opt/homebrew/lib/node_modules/appium/lib/appium.js:734:17)\n    at asyncHandler (/opt/homebrew/lib/node_modules/appium/node_modules/@appium/base-driver/lib/protocol/protocol.js:393:19)\n\tat java.base/jdk.internal.reflect.DirectConstructorHandleAccessor.newInstance(DirectConstructorHandleAccessor.java:62)\n\tat java.base/java.lang.reflect.Constructor.newInstanceWithCaller(Constructor.java:502)\n\tat java.base/java.lang.reflect.Constructor.newInstance(Constructor.java:486)\n\tat org.openqa.selenium.remote.W3CHandshakeResponse.lambda$errorHandler$0(W3CHandshakeResponse.java:62)\n\tat org.openqa.selenium.remote.HandshakeResponse.lambda$getResponseFunction$0(HandshakeResponse.java:30)\n\tat org.openqa.selenium.remote.ProtocolHandshake.lambda$createSession$0(ProtocolHandshake.java:126)\n\tat java.base/java.util.stream.ReferencePipeline$3$1.accept(ReferencePipeline.java:197)\n\tat java.base/java.util.Spliterators$ArraySpliterator.tryAdvance(Spliterators.java:1034)\n\tat java.base/java.util.stream.ReferencePipeline.forEachWithCancel(ReferencePipeline.java:129)\n\tat java.base/java.util.stream.AbstractPipeline.copyIntoWithCancel(AbstractPipeline.java:527)\n\tat java.base/java.util.stream.AbstractPipeline.copyInto(AbstractPipeline.java:513)\n\tat java.base/java.util.stream.AbstractPipeline.wrapAndCopyInto(AbstractPipeline.java:499)\n\tat java.base/java.util.stream.FindOps$FindOp.evaluateSequential(FindOps.java:150)\n\tat java.base/java.util.stream.AbstractPipeline.evaluate(AbstractPipeline.java:234)\n\tat java.base/java.util.stream.ReferencePipeline.findFirst(ReferencePipeline.java:647)\n\tat org.openqa.selenium.remote.ProtocolHandshake.createSession(ProtocolHandshake.java:128)\n\tat java.base/jdk.internal.reflect.DirectMethodHandleAccessor.invoke(DirectMethodHandleAccessor.java:103)\n\t... 38 more\n"},"stage":"finished","description":"Opening the app","steps":[],"attachments":[],"parameters":[],"start":1697345318382,"stop":1697345318383}